/var/spool/slurm/slurmd/job7783377/slurm_script: line 13: model: command not found
============================================================================================== 
Warning! Mixing Conda and module environments may lead to corruption of the
user environment. 
We do not recommend users mixing those two environments unless absolutely
necessary. Note that 
SURF does not provide any support for Conda environment.
For more information, please refer to our software policy page:
https://servicedesk.surf.nl/wiki/display/WIKI/Software+policy+Snellius#SoftwarepolicySnellius-UseofAnacondaandMinicondaenvironmentsonSnellius 

Remember that many packages have already been installed on the system and can
be loaded using 
the 'module load <package__name>' command. If you are uncertain if a package is
already available 
on the system, please use 'module avail' or 'module spider' to search for it.
============================================================================================== 
/var/spool/slurm/slurmd/job7783377/slurm_script: line 18: cd: /home/ivanmiert/home/ivanmiert/overview/FRAMES_EXTRACTION/: No such file or directory
Processing /home/ivanmiert/overview/FRAMES_EXTRACTION/dataframes_eventdata/dataframes_chunks_1000/chunk_2.csv
start_frame: 137124
end_frame: 137124
start_frame: 65980
end_frame: 66101
start_frame: 124386
end_frame: 124500
start_frame: 79940
end_frame: 80158
start_frame: 85008
end_frame: 85094
start_frame: 101462
end_frame: 101657
start_frame: 78163
end_frame: 78358
start_frame: 88038
end_frame: 88140
start_frame: 30331
end_frame: 30455
start_frame: 7166
end_frame: 7346
start_frame: 10382
end_frame: 10596
start_frame: 40878
end_frame: 41021
start_frame: 78494
end_frame: 78591
start_frame: 45188
end_frame: 45421
start_frame: 129001
end_frame: 129150
start_frame: 105343
end_frame: 105449
start_frame: 138989
end_frame: 139119
start_frame: 135283
end_frame: 135376
start_frame: 25134
end_frame: 25193
start_frame: 98494
end_frame: 98537
start_frame: 20410
end_frame: 20444
start_frame: 127291
end_frame: 127454
start_frame: 119096
end_frame: 119220
start_frame: 25418
end_frame: 25528
start_frame: 14014
end_frame: 14070
start_frame: 44189
end_frame: 44339
start_frame: 80419
end_frame: 80534
start_frame: 9443
end_frame: 9667
start_frame: 130347
end_frame: 130618
start_frame: 92065
end_frame: 92236
start_frame: 87129
end_frame: 87210
start_frame: 115232
end_frame: 115355
start_frame: 53572
end_frame: 53850
start_frame: 94210
end_frame: 94362
start_frame: 13330
end_frame: 13458
start_frame: 72489
end_frame: 72778
start_frame: 109072
end_frame: 109137
start_frame: 25579
end_frame: 25807
start_frame: 53718
end_frame: 53882
start_frame: 130420
end_frame: 130518
start_frame: 98678
end_frame: 98760
start_frame: 92373
end_frame: 92468
start_frame: 113347
end_frame: 113542
start_frame: 71431
end_frame: 71542
start_frame: 90836
end_frame: 90904
start_frame: 99404
end_frame: 99473
start_frame: 37427
end_frame: 37640
start_frame: 9511
end_frame: 9563
start_frame: 122911
end_frame: 123302
start_frame: 91086
end_frame: 91238
start_frame: 145635
end_frame: 145765
start_frame: 44713
end_frame: 44928
start_frame: 39407
end_frame: 39438
start_frame: 37850
end_frame: 38087
start_frame: 84006
end_frame: 84225
start_frame: 1838
end_frame: 1892
start_frame: 89168
end_frame: 89253
start_frame: 99239
end_frame: 99883
start_frame: 81302
end_frame: 81422
start_frame: 18101
end_frame: 18140
start_frame: 25862
end_frame: 25914
start_frame: 20953
end_frame: 20980
start_frame: 85934
end_frame: 85972
start_frame: 56087
end_frame: 56270
start_frame: 60873
end_frame: 60999
start_frame: 140043
end_frame: 140203
start_frame: 84708
end_frame: 84816
start_frame: 35158
end_frame: 35233
start_frame: 57299
end_frame: 57408
start_frame: 9355
end_frame: 9491
start_frame: 43934
end_frame: 43980
start_frame: 88819
end_frame: 88932
start_frame: 105693
end_frame: 105784
start_frame: 137143
end_frame: 137295
start_frame: 115453
end_frame: 115569
start_frame: 13606
end_frame: 13681
start_frame: 35402
end_frame: 35549
start_frame: 46466
end_frame: 46578
start_frame: 141395
end_frame: 141525
start_frame: 124002
end_frame: 124192
start_frame: 49894
end_frame: 49969
start_frame: 73061
end_frame: 73151
start_frame: 66694
end_frame: 66958
start_frame: 64405
end_frame: 64438
start_frame: 49454
end_frame: 49572
start_frame: 106166
end_frame: 106207
start_frame: 4046
end_frame: 4106
start_frame: 21979
end_frame: 22042
start_frame: 36683
end_frame: 36806
start_frame: 35900
end_frame: 36090
start_frame: 139436
end_frame: 139528
start_frame: 77463
end_frame: 77592
start_frame: 129512
end_frame: 129541
start_frame: 16259
end_frame: 16385
start_frame: 85321
end_frame: 85470
start_frame: 102279
end_frame: 102380
start_frame: 105054
end_frame: 105130
start_frame: 119729
end_frame: 119953
start_frame: 48679
end_frame: 48797
start_frame: 148462
end_frame: 148649
start_frame: 15369
end_frame: 15532
start_frame: 102774
end_frame: 102953
start_frame: 70619
end_frame: 70801
start_frame: 56536
end_frame: 56612
start_frame: 75469
end_frame: 75666
start_frame: 106039
end_frame: 106132
start_frame: 102644
end_frame: 102836
start_frame: 82678
end_frame: 82699
start_frame: 101806
end_frame: 101922
start_frame: 56848
end_frame: 56951
start_frame: 74870
end_frame: 74940
start_frame: 24328
end_frame: 24517
start_frame: 126031
end_frame: 126168
start_frame: 137610
end_frame: 137680
start_frame: 131028
end_frame: 131130
start_frame: 46218
end_frame: 46402
start_frame: 16691
end_frame: 16766
start_frame: 144301
end_frame: 144430
start_frame: 48293
end_frame: 48432
start_frame: 87582
end_frame: 87664
start_frame: 45720
end_frame: 45902
start_frame: 12696
end_frame: 12836
start_frame: 9768
end_frame: 9842
start_frame: 11989
end_frame: 11990
start_frame: 116063
end_frame: 116114
start_frame: 128983
end_frame: 129090
start_frame: 97305
end_frame: 97399
start_frame: 42264
end_frame: 42388
start_frame: 32360
end_frame: 32523
start_frame: 106000
end_frame: 106178
start_frame: 116713
end_frame: 116861
start_frame: 84984
end_frame: 85126
start_frame: 12378
end_frame: 12424
start_frame: 27906
end_frame: 28064
start_frame: 105254
end_frame: 105334
start_frame: 103286
end_frame: 103379
start_frame: 130546
end_frame: 130593
start_frame: 71589
end_frame: 71650
start_frame: 92132
end_frame: 92190
start_frame: 61289
end_frame: 61448
start_frame: 54100
end_frame: 54191
start_frame: 124671
end_frame: 124799
start_frame: 128223
end_frame: 128325
start_frame: 21965
end_frame: 22185
start_frame: 91617
end_frame: 91693
start_frame: 49770
end_frame: 49893
start_frame: 125113
end_frame: 125219
start_frame: 88392
end_frame: 88419
start_frame: 117463
end_frame: 117534
start_frame: 127511
end_frame: 127623
start_frame: 39324
end_frame: 39491
start_frame: 108776
end_frame: 108964
start_frame: 64965
end_frame: 65077
start_frame: 17465
end_frame: 17675
start_frame: 58473
end_frame: 59046
start_frame: 135347
end_frame: 135380
start_frame: 156370
end_frame: 156522
start_frame: 87
end_frame: 242
start_frame: 29186
end_frame: 29201
start_frame: 98425
end_frame: 98604
start_frame: 27646
end_frame: 27745
start_frame: 134457
end_frame: 134563
start_frame: 58517
end_frame: 58699
start_frame: 115286
end_frame: 115441
start_frame: 77621
end_frame: 77860
start_frame: 46693
end_frame: 46749
start_frame: 42563
end_frame: 42746
start_frame: 33604
end_frame: 33703
start_frame: 56434
end_frame: 56666
start_frame: 112041
end_frame: 112258
start_frame: 59204
end_frame: 59304
start_frame: 81065
end_frame: 81137
start_frame: 59325
end_frame: 59375
start_frame: 101957
end_frame: 102051
start_frame: 124784
end_frame: 124857
start_frame: 81948
end_frame: 82074
start_frame: 74407
end_frame: 74440
start_frame: 60981
end_frame: 61086
start_frame: 28929
end_frame: 29134
start_frame: 3336
end_frame: 3406
start_frame: 60770
end_frame: 60881
start_frame: 106924
end_frame: 107017
start_frame: 135033
end_frame: 135118
start_frame: 72073
end_frame: 72262
start_frame: 130190
end_frame: 130306
start_frame: 137999
end_frame: 138064
start_frame: 77334
end_frame: 77498
start_frame: 134801
end_frame: 134884
start_frame: 133165
end_frame: 133357
start_frame: 89292
end_frame: 89374
start_frame: 20776
end_frame: 20885
start_frame: 98550
end_frame: 98616
start_frame: 138049
end_frame: 138068
start_frame: 108027
end_frame: 108190
Skipping event 2098589652 due to NaN timestamp.
start_frame: 30988
end_frame: 31046
start_frame: 147505
end_frame: 147581
start_frame: 131791
end_frame: 131947
start_frame: 67467
end_frame: 67557
start_frame: 129094
end_frame: 129229
start_frame: 123015
end_frame: 123103
start_frame: 15669
end_frame: 15820
start_frame: 75395
end_frame: 75478
start_frame: 80940
end_frame: 81000
start_frame: 23678
end_frame: 23852
start_frame: 91727
end_frame: 91820
start_frame: 85521
end_frame: 85666
start_frame: 98614
end_frame: 98700
start_frame: 106918
end_frame: 106971
start_frame: 10147
end_frame: 10316
start_frame: 58638
end_frame: 58764
start_frame: 141002
end_frame: 141084
start_frame: 118429
end_frame: 118488
start_frame: 121230
end_frame: 121887
start_frame: 66486
end_frame: 66567
start_frame: 112646
end_frame: 112839
start_frame: 124621
end_frame: 124753
start_frame: 38960
end_frame: 39062
start_frame: 131081
end_frame: 131260
start_frame: 52459
end_frame: 52555
start_frame: 37605
end_frame: 37797
start_frame: 27939
end_frame: 28093
start_frame: 77507
end_frame: 77740
start_frame: 60817
end_frame: 60913
start_frame: 143959
end_frame: 144114
start_frame: 130118
end_frame: 130152
start_frame: 6156
end_frame: 6228
start_frame: 11424
end_frame: 11683
start_frame: 73210
end_frame: 73258
start_frame: 15221
end_frame: 15392
start_frame: 127910
end_frame: 127945
Skipping event 1793047200 due to NaN timestamp.
start_frame: 7711
end_frame: 7814
start_frame: 38686
end_frame: 38812
start_frame: 101736
end_frame: 101846
start_frame: 104814
end_frame: 104973
start_frame: 59640
end_frame: 59753
start_frame: 136240
end_frame: 136449
start_frame: 76570
end_frame: 76686
start_frame: 78320
end_frame: 78458
start_frame: 134737
end_frame: 134861
start_frame: 99064
end_frame: 99118
start_frame: 103648
end_frame: 103696
start_frame: 9585
end_frame: 9694
start_frame: 49093
end_frame: 49152
start_frame: 102270
end_frame: 102339
start_frame: 136159
end_frame: 136352
start_frame: 43366
end_frame: 43462
start_frame: 126336
end_frame: 126423
start_frame: 28040
end_frame: 28100
start_frame: 138700
end_frame: 138771
start_frame: 41698
end_frame: 41937
start_frame: 80406
end_frame: 80584
start_frame: 57874
end_frame: 57939
start_frame: 27397
end_frame: 27469
start_frame: 125607
end_frame: 125728
start_frame: 89156
end_frame: 89417
start_frame: 15417
end_frame: 15446
start_frame: 137852
end_frame: 138038
start_frame: 134915
end_frame: 135082
start_frame: 90808
end_frame: 90971
start_frame: 38151
end_frame: 38284
start_frame: 24921
end_frame: 25153
start_frame: 122285
end_frame: 122390
start_frame: 119188
end_frame: 119264
start_frame: 88132
end_frame: 88312
start_frame: 51959
end_frame: 52201
start_frame: 116819
end_frame: 116896
start_frame: 92372
end_frame: 92447
start_frame: 131031
end_frame: 131153
start_frame: 93809
end_frame: 93972
start_frame: 139548
end_frame: 139679
start_frame: 75444
end_frame: 75504
start_frame: 108712
end_frame: 108879
start_frame: 4739
end_frame: 4847
start_frame: 65997
end_frame: 66172
start_frame: 21747
end_frame: 22235
start_frame: 118542
end_frame: 118622
start_frame: 25815
end_frame: 25899
start_frame: 55029
end_frame: 55172
start_frame: 138529
end_frame: 138787
start_frame: 11194
end_frame: 11334
start_frame: 101119
end_frame: 101175
start_frame: 77060
end_frame: 77228
start_frame: 86991
end_frame: 87267
start_frame: 147865
end_frame: 147903
start_frame: 81397
end_frame: 81453
start_frame: 45065
end_frame: 45135
start_frame: 53041
end_frame: 53313
start_frame: 125870
end_frame: 125956
start_frame: 23082
end_frame: 23183
start_frame: 74603
end_frame: 74665
start_frame: 94517
end_frame: 94572
start_frame: 142829
end_frame: 142909
start_frame: 84322
end_frame: 84342
start_frame: 71403
end_frame: 71588
start_frame: 110668
end_frame: 110790
start_frame: 21139
end_frame: 21315
start_frame: 7609
end_frame: 7792
start_frame: 105278
end_frame: 105439
start_frame: 84781
end_frame: 84898
start_frame: 147566
end_frame: 147632
start_frame: 7124
end_frame: 7261
start_frame: 129786
end_frame: 129987
start_frame: 104671
end_frame: 104764
start_frame: 80924
end_frame: 80988
start_frame: 48665
end_frame: 48734
start_frame: 40139
end_frame: 40244
start_frame: 86616
end_frame: 86779
start_frame: 24034
end_frame: 24242
start_frame: 99492
end_frame: 99598
start_frame: 60053
end_frame: 60241
start_frame: 57219
end_frame: 57477
start_frame: 41311
end_frame: 41498
start_frame: 1422
end_frame: 1523
start_frame: 32749
end_frame: 32840
start_frame: 41666
end_frame: 41781
start_frame: 51747
end_frame: 51877
start_frame: 80864
end_frame: 81088
start_frame: 19889
end_frame: 19975
start_frame: 88257
end_frame: 88421
start_frame: 95787
end_frame: 95831
start_frame: 12568
end_frame: 12740
start_frame: 48362
end_frame: 48539
start_frame: 87554
end_frame: 87679
start_frame: 93729
end_frame: 93849
start_frame: 117604
end_frame: 117747
start_frame: 14603
end_frame: 14741
start_frame: 105181
end_frame: 105282
start_frame: 136178
end_frame: 136255
start_frame: 21229
end_frame: 21263
start_frame: 85197
end_frame: 85314
start_frame: 125539
end_frame: 125763
start_frame: 86344
end_frame: 86429
start_frame: 86841
end_frame: 86941
start_frame: 28146
end_frame: 28269
start_frame: 73364
end_frame: 73426
start_frame: 89980
end_frame: 90185
start_frame: 134853
end_frame: 134938
start_frame: 95334
end_frame: 95521
start_frame: 111322
end_frame: 111419
start_frame: 102034
end_frame: 102120
start_frame: 47055
end_frame: 47110
start_frame: 109159
end_frame: 109343
start_frame: 117793
end_frame: 117947
start_frame: 147721
end_frame: 147772
start_frame: 18395
end_frame: 18575
start_frame: 25096
end_frame: 25228
start_frame: 118823
end_frame: 118930
start_frame: 85074
end_frame: 85246
start_frame: 146995
end_frame: 147064
start_frame: 4215
end_frame: 4298
start_frame: 41275
end_frame: 41353
start_frame: 43782
end_frame: 43842
start_frame: 14517
end_frame: 14667
start_frame: 139293
end_frame: 139392
start_frame: 118360
end_frame: 118422
start_frame: 127173
end_frame: 127326
start_frame: 20786
end_frame: 20970
start_frame: 13449
end_frame: 13604
start_frame: 39613
end_frame: 39970
start_frame: 58662
end_frame: 58826
start_frame: 5823
end_frame: 5872
start_frame: 148285
end_frame: 148349
start_frame: 40246
end_frame: 40329
start_frame: 35399
end_frame: 35499
start_frame: 135932
end_frame: 136000
start_frame: 80659
end_frame: 80718
start_frame: 28258
end_frame: 28404
start_frame: 44386
end_frame: 44443
start_frame: 86937
end_frame: 87002
start_frame: 74252
end_frame: 74312
start_frame: 42907
end_frame: 43055
start_frame: 99575
end_frame: 99702
start_frame: 93441
end_frame: 93534
start_frame: 33511
end_frame: 33576
start_frame: 106407
end_frame: 106495
start_frame: 76315
end_frame: 76397
start_frame: 25421
end_frame: 25500
start_frame: 76747
end_frame: 76821
start_frame: 16096
end_frame: 16320
start_frame: 68986
end_frame: 69007
start_frame: 73496
end_frame: 73738
start_frame: 2835
end_frame: 2915
start_frame: 72166
end_frame: 72297
start_frame: 27548
end_frame: 27594
start_frame: 92572
end_frame: 92674
start_frame: 135304
end_frame: 135470
start_frame: 43828
end_frame: 44126
start_frame: 66356
end_frame: 66532
start_frame: 103093
end_frame: 103189
start_frame: 33086
end_frame: 33236
start_frame: 59017
end_frame: 59054
start_frame: 131299
end_frame: 131416
start_frame: 106437
end_frame: 106794
start_frame: 1306
end_frame: 1455
start_frame: 41859
end_frame: 41980
start_frame: 35685
end_frame: 35818
start_frame: 45688
end_frame: 45898
start_frame: 140629
end_frame: 140792
start_frame: 123803
end_frame: 123882
start_frame: 11539
end_frame: 11596
start_frame: 13080
end_frame: 13231
start_frame: 71433
end_frame: 71522
start_frame: 113734
end_frame: 113832
start_frame: 129374
end_frame: 129445
start_frame: 24215
end_frame: 24334
start_frame: 104246
end_frame: 104312
start_frame: 56022
end_frame: 56272
start_frame: 23191
end_frame: 23358
start_frame: 88896
end_frame: 89014
start_frame: 117250
end_frame: 117287
start_frame: 68686
end_frame: 68746
start_frame: 1934
end_frame: 2053
start_frame: 51498
end_frame: 51602
start_frame: 25983
end_frame: 26091
start_frame: 58957
end_frame: 59107
start_frame: 97917
end_frame: 98554
start_frame: 31816
end_frame: 31950
start_frame: 18463
end_frame: 18619
start_frame: 140844
end_frame: 140904
start_frame: 37565
end_frame: 37727
start_frame: 6711
end_frame: 6897
start_frame: 5148
end_frame: 5239
start_frame: 49146
end_frame: 49298
start_frame: 103348
end_frame: 103397
start_frame: 50192
end_frame: 50339
start_frame: 145383
end_frame: 145506
start_frame: 14684
end_frame: 14986
start_frame: 42232
end_frame: 42349
start_frame: 37278
end_frame: 37381
start_frame: 47915
end_frame: 47991
start_frame: 50367
end_frame: 50443
start_frame: 327
end_frame: 375
start_frame: 51860
end_frame: 51989
start_frame: 19335
end_frame: 19370
start_frame: 16753
end_frame: 16908
start_frame: 102756
end_frame: 102940
start_frame: 101813
end_frame: 101956
start_frame: 124257
end_frame: 124298
start_frame: 131598
end_frame: 131691
start_frame: 11342
end_frame: 11458
start_frame: 16030
end_frame: 16110
start_frame: 83820
end_frame: 83921
start_frame: 35209
end_frame: 35292
start_frame: 145013
end_frame: 145141
start_frame: 85939
end_frame: 86075
start_frame: 46258
end_frame: 46302
start_frame: 112858
end_frame: 112970
start_frame: 38003
end_frame: 38191
start_frame: 90933
end_frame: 91031
start_frame: 13737
end_frame: 13987
start_frame: 54483
end_frame: 54668
start_frame: 141394
end_frame: 141428
start_frame: 94929
end_frame: 95097
start_frame: 52897
end_frame: 52949
start_frame: 43789
end_frame: 44087
start_frame: 137400
end_frame: 137541
start_frame: 58117
end_frame: 58357
start_frame: 82914
end_frame: 83051
start_frame: 45638
end_frame: 45743
start_frame: 130920
end_frame: 131087
start_frame: 69248
end_frame: 69391
start_frame: 20591
end_frame: 20673
start_frame: 62133
end_frame: 62443
start_frame: 109381
end_frame: 109457
start_frame: 129762
end_frame: 129886
start_frame: 144428
end_frame: 144472
start_frame: 1560
end_frame: 1727
start_frame: 8326
end_frame: 8471
start_frame: 84983
end_frame: 85225
start_frame: 115933
end_frame: 116080
start_frame: 38506
end_frame: 38659
start_frame: 35160
end_frame: 35279
start_frame: 48237
end_frame: 48386
start_frame: 32407
end_frame: 32475
start_frame: 49694
end_frame: 49988
start_frame: 135081
end_frame: 135323
start_frame: 146442
end_frame: 146742
start_frame: 5828
end_frame: 5954
start_frame: 87979
end_frame: 88059
start_frame: 125251
end_frame: 125589
start_frame: 94021
end_frame: 94184
start_frame: 125863
end_frame: 125910
start_frame: 131225
end_frame: 131521
start_frame: 54861
end_frame: 55108
start_frame: 145064
end_frame: 145135
start_frame: 25035
end_frame: 25074
start_frame: 60849
end_frame: 60977
start_frame: 42312
end_frame: 42358
start_frame: 101244
end_frame: 101389
start_frame: 38420
end_frame: 38453
start_frame: 129337
end_frame: 129608
start_frame: 141656
end_frame: 141759
start_frame: 142427
end_frame: 142650
start_frame: 107058
end_frame: 107473
start_frame: 38815
end_frame: 38898
start_frame: 147297
end_frame: 147420
start_frame: 46796
end_frame: 47048
start_frame: 3333
end_frame: 3376
start_frame: 129393
end_frame: 129431
start_frame: 39340
end_frame: 39431
start_frame: 116079
end_frame: 116217
start_frame: 69952
end_frame: 70143
start_frame: 85584
end_frame: 85665
start_frame: 40738
end_frame: 40812
start_frame: 101047
end_frame: 101144
start_frame: 29404
end_frame: 29525
start_frame: 73489
end_frame: 73551
start_frame: 2455
end_frame: 2548
start_frame: 58008
end_frame: 58317
start_frame: 43908
end_frame: 44077
start_frame: 41262
end_frame: 41346
start_frame: 76673
end_frame: 76806
start_frame: 56991
end_frame: 57174
start_frame: 128546
end_frame: 128730
start_frame: 11069
end_frame: 11142
Skipping event 1794259589 due to NaN timestamp.
start_frame: 106103
end_frame: 106148
start_frame: 50247
end_frame: 50768
start_frame: 2421
end_frame: 2517
start_frame: 85616
end_frame: 85748
start_frame: 85318
end_frame: 85486
start_frame: 11835
end_frame: 12081
start_frame: 22502
end_frame: 22567
start_frame: 63764
end_frame: 63816
start_frame: 125618
end_frame: 125812
start_frame: 132187
end_frame: 132463
start_frame: 105532
end_frame: 105696
start_frame: 37570
end_frame: 37660
start_frame: 124921
end_frame: 125161
start_frame: 20553
end_frame: 20613
start_frame: 87742
end_frame: 87795
start_frame: 26808
end_frame: 26996
start_frame: 95212
end_frame: 95347
start_frame: 7884
end_frame: 8167
start_frame: 12914
end_frame: 12992
start_frame: 126730
end_frame: 126809
start_frame: 25310
end_frame: 25476
start_frame: 25320
end_frame: 25555
start_frame: 40726
end_frame: 40790
start_frame: 33917
end_frame: 34005
start_frame: 40824
end_frame: 41125
start_frame: 119921
end_frame: 120064
start_frame: 101068
end_frame: 101157
start_frame: 75831
end_frame: 75941
start_frame: 127719
end_frame: 127920
start_frame: 7542
end_frame: 7665
start_frame: 134491
end_frame: 134647
start_frame: 140525
end_frame: 140777
start_frame: 135635
end_frame: 135906
start_frame: 107847
end_frame: 107868
start_frame: 33598
end_frame: 33802
start_frame: 41062
end_frame: 41174
start_frame: 139417
end_frame: 139521
start_frame: 47125
end_frame: 47204
start_frame: 90866
end_frame: 91058
start_frame: 101534
end_frame: 101681
start_frame: 143621
end_frame: 143796
start_frame: 90957
end_frame: 91008
start_frame: 52015
end_frame: 52155
start_frame: 42510
end_frame: 42663
start_frame: 85647
end_frame: 85727
start_frame: 76835
end_frame: 76976
start_frame: 129476
end_frame: 129588
start_frame: 127832
end_frame: 127905
start_frame: 63014
end_frame: 63080
start_frame: 28152
end_frame: 28309
start_frame: 108790
end_frame: 108928
start_frame: 5278
end_frame: 5372
start_frame: 153752
end_frame: 153802
start_frame: 34195
end_frame: 34285
start_frame: 75624
end_frame: 75810
start_frame: 151803
end_frame: 151961
start_frame: 128138
end_frame: 128288
start_frame: 57477
end_frame: 57498
start_frame: 148529
end_frame: 148553
start_frame: 36662
end_frame: 36809
start_frame: 48062
end_frame: 48123
start_frame: 86468
end_frame: 86497
start_frame: 114951
end_frame: 115009
start_frame: 104374
end_frame: 104454
start_frame: 29118
end_frame: 29143
start_frame: 46320
end_frame: 46332
start_frame: 50483
end_frame: 50563
start_frame: 24965
end_frame: 25335
start_frame: 65103
end_frame: 65294
start_frame: 7606
end_frame: 7740
start_frame: 137083
end_frame: 137252
start_frame: 132516
end_frame: 132560
start_frame: 26629
end_frame: 26787
start_frame: 55520
end_frame: 55625
start_frame: 89258
end_frame: 89371
start_frame: 84624
end_frame: 84685
start_frame: 88686
end_frame: 88893
Skipping event 2005597261 due to NaN timestamp.
start_frame: 111753
end_frame: 111948
start_frame: 107368
end_frame: 107552
start_frame: 91528
end_frame: 91724
start_frame: 143554
end_frame: 143664
start_frame: 75619
end_frame: 75746
start_frame: 114656
end_frame: 114919
start_frame: 146275
end_frame: 146321
start_frame: 9120
end_frame: 9332
start_frame: 35852
end_frame: 35994
start_frame: 6440
end_frame: 6665
start_frame: 148088
end_frame: 148167
start_frame: 37849
end_frame: 37898
start_frame: 142434
end_frame: 142644
start_frame: 95796
end_frame: 95867
start_frame: 26079
end_frame: 26159
start_frame: 28265
end_frame: 28468
start_frame: 25184
end_frame: 25489
start_frame: 120716
end_frame: 120889
start_frame: 138514
end_frame: 138573
start_frame: 36546
end_frame: 36805
start_frame: 41971
end_frame: 42127
start_frame: 82890
end_frame: 83198
start_frame: 111308
end_frame: 111551
start_frame: 6109
end_frame: 6307
start_frame: 106949
end_frame: 107008
start_frame: 90251
end_frame: 90582
start_frame: 77396
end_frame: 77530
start_frame: 23552
end_frame: 23656
start_frame: 45328
end_frame: 45402
start_frame: 41030
end_frame: 41098
start_frame: 56304
end_frame: 56546
start_frame: 145817
end_frame: 145914
start_frame: 2311
end_frame: 2391
start_frame: 126062
end_frame: 126229
start_frame: 41417
end_frame: 41509
start_frame: 128309
end_frame: 128456
start_frame: 149400
end_frame: 149614
start_frame: 119240
end_frame: 119279
start_frame: 111361
end_frame: 111532
start_frame: 56396
end_frame: 56502
start_frame: 81644
end_frame: 81810
start_frame: 14248
end_frame: 14499
start_frame: 21807
end_frame: 21894
start_frame: 46367
end_frame: 46508
start_frame: 114677
end_frame: 114873
start_frame: 122184
end_frame: 122224
start_frame: 105404
end_frame: 105551
start_frame: 33328
end_frame: 33457
start_frame: 76292
end_frame: 76494
start_frame: 447
end_frame: 515
start_frame: 136902
end_frame: 136953
start_frame: 106228
end_frame: 106298
start_frame: 67959
end_frame: 68037
start_frame: 92156
end_frame: 92233
start_frame: 123563
end_frame: 123740
start_frame: 141447
end_frame: 141561
start_frame: 4602
end_frame: 4678
start_frame: 59603
end_frame: 59763
start_frame: 3275
end_frame: 3379
start_frame: 125366
end_frame: 125506
start_frame: 14648
end_frame: 14700
start_frame: 102201
end_frame: 102260
start_frame: 138219
end_frame: 138400
start_frame: 43930
end_frame: 44069
start_frame: 141834
end_frame: 142003
start_frame: 49632
end_frame: 49741
start_frame: 52046
end_frame: 52098
start_frame: 106859
end_frame: 106979
start_frame: 135262
end_frame: 135441
start_frame: 115443
end_frame: 115592
start_frame: 74339
end_frame: 74476
start_frame: 95345
end_frame: 95375
start_frame: 97010
end_frame: 97143
start_frame: 120201
end_frame: 120378
start_frame: 99731
end_frame: 99929
start_frame: 78930
end_frame: 79242
start_frame: 58905
end_frame: 59066
start_frame: 130500
end_frame: 130791
start_frame: 67035
end_frame: 67343
start_frame: 36164
end_frame: 36285
start_frame: 42740
end_frame: 42947
start_frame: 134951
end_frame: 135038
start_frame: 4777
end_frame: 5079
start_frame: 89916
end_frame: 90005
start_frame: 17059
end_frame: 17161
start_frame: 79053
end_frame: 79175
start_frame: 121430
end_frame: 121449
start_frame: 112563
end_frame: 112845
start_frame: 95371
end_frame: 95420
start_frame: 117903
end_frame: 118037
start_frame: 80015
end_frame: 80082
start_frame: 47646
end_frame: 47706
start_frame: 21809
end_frame: 21896
start_frame: 32806
end_frame: 32869
start_frame: 44412
end_frame: 44735
start_frame: 115187
end_frame: 115292
start_frame: 82924
end_frame: 83035
start_frame: 81958
end_frame: 82083
start_frame: 32579
end_frame: 32703
start_frame: 140537
end_frame: 140752
start_frame: 139751
end_frame: 139920
start_frame: 63921
end_frame: 64172
start_frame: 135535
end_frame: 135707
start_frame: 29688
end_frame: 29958
start_frame: 64150
end_frame: 64284
start_frame: 77073
end_frame: 77212
start_frame: 24467
end_frame: 24681
start_frame: 82999
end_frame: 83123
start_frame: 140036
end_frame: 140180
start_frame: 15865
end_frame: 15907
start_frame: 5085
end_frame: 5206
start_frame: 89533
end_frame: 89683
start_frame: 12480
end_frame: 12638
start_frame: 26473
end_frame: 26669
start_frame: 62003
end_frame: 62186
start_frame: 53442
end_frame: 53603
start_frame: 9164
end_frame: 9306
start_frame: 61238
end_frame: 61484
start_frame: 106984
end_frame: 107383
start_frame: 109293
end_frame: 109553
start_frame: 70077
end_frame: 70191
start_frame: 57616
end_frame: 57892
start_frame: 22627
end_frame: 22787
start_frame: 46162
end_frame: 46256
start_frame: 143475
end_frame: 143531
start_frame: 8936
end_frame: 9086
start_frame: 18159
end_frame: 18231
start_frame: 73325
end_frame: 73583
start_frame: 142415
end_frame: 142594
start_frame: 68236
end_frame: 68293
start_frame: 35208
end_frame: 35312
start_frame: 111673
end_frame: 111818
start_frame: 100516
end_frame: 100692
start_frame: 121820
end_frame: 122124
start_frame: 141395
end_frame: 141436
start_frame: 63381
end_frame: 63436
start_frame: 64107
end_frame: 64134
start_frame: 37841
end_frame: 38015
start_frame: 119247
end_frame: 119559
start_frame: 18829
end_frame: 19008
start_frame: 23097
end_frame: 23146
start_frame: 61880
end_frame: 62053
start_frame: 128735
end_frame: 128796
start_frame: 18350
end_frame: 18430
start_frame: 71947
end_frame: 72113
start_frame: 109400
end_frame: 109747
start_frame: 29403
end_frame: 29585
start_frame: 120297
end_frame: 120467
start_frame: 79768
end_frame: 79892
start_frame: 94952
end_frame: 95011
start_frame: 114063
end_frame: 114222
start_frame: 144081
end_frame: 144277
start_frame: 94174
end_frame: 94280
start_frame: 98759
end_frame: 98868
start_frame: 62361
end_frame: 62527
start_frame: 149864
end_frame: 150052
start_frame: 74687
end_frame: 74757
start_frame: 25912
end_frame: 26012
start_frame: 125695
end_frame: 125837
start_frame: 92951
end_frame: 93063
start_frame: 80659
end_frame: 80837
start_frame: 24843
end_frame: 25034
start_frame: 10865
end_frame: 11023
start_frame: 72804
end_frame: 72862
start_frame: 91645
end_frame: 91899
start_frame: 22321
end_frame: 22501
start_frame: 32455
end_frame: 32525
start_frame: 51831
end_frame: 52054
start_frame: 30713
end_frame: 30756
start_frame: 59613
end_frame: 59664
start_frame: 81798
end_frame: 81969
start_frame: 20203
end_frame: 20253
start_frame: 114638
end_frame: 114758
start_frame: 105121
end_frame: 105237
start_frame: 132906
end_frame: 133190
start_frame: 78086
end_frame: 78235
start_frame: 99424
end_frame: 99496
start_frame: 59270
end_frame: 59297
start_frame: 108917
end_frame: 108990
start_frame: 110482
end_frame: 110541
start_frame: 24041
end_frame: 24093
start_frame: 145038
end_frame: 145233
start_frame: 112022
end_frame: 112142
start_frame: 53436
end_frame: 53510
start_frame: 128906
end_frame: 128989
start_frame: 98678
end_frame: 98804
start_frame: 91360
end_frame: 91552
start_frame: 113908
end_frame: 114045
start_frame: 7205
end_frame: 7341
start_frame: 9190
end_frame: 9281
start_frame: 61622
end_frame: 61670
start_frame: 62533
end_frame: 62614
start_frame: 80714
end_frame: 80770
start_frame: 9765
end_frame: 9874
start_frame: 70476
end_frame: 70686
start_frame: 103052
end_frame: 103185
start_frame: 150233
end_frame: 150414
start_frame: 2076
end_frame: 2314
start_frame: 120895
end_frame: 120968
start_frame: 2717
end_frame: 2847
start_frame: 68167
end_frame: 68320
start_frame: 26090
end_frame: 26211
start_frame: 67093
end_frame: 67144
start_frame: 55320
end_frame: 55546
start_frame: 83525
end_frame: 83554
start_frame: 107783
end_frame: 107828
start_frame: 100258
end_frame: 100331
start_frame: 130071
end_frame: 130236
start_frame: 120436
end_frame: 120594
start_frame: 28876
end_frame: 29122
start_frame: 145883
end_frame: 145963
start_frame: 12044
end_frame: 12311
start_frame: 113671
end_frame: 113785
start_frame: 16321
end_frame: 16473
start_frame: 25834
end_frame: 25903
start_frame: 884
end_frame: 925
start_frame: 80261
end_frame: 80277
start_frame: 30117
end_frame: 30377
start_frame: 3704
end_frame: 3861
start_frame: 98257
end_frame: 98321
start_frame: 106292
end_frame: 106438
start_frame: 77443
end_frame: 77468
start_frame: 53316
end_frame: 53396
start_frame: 109282
end_frame: 109445
start_frame: 16542
end_frame: 16642
start_frame: 13111
end_frame: 13276
start_frame: 148013
end_frame: 148166
start_frame: 80250
end_frame: 80446
start_frame: 50520
end_frame: 50624
start_frame: 64892
end_frame: 65193
start_frame: 60017
end_frame: 60295
start_frame: 23309
end_frame: 23487
start_frame: 119258
end_frame: 119299
start_frame: 105806
end_frame: 106022
start_frame: 4489
end_frame: 4694
start_frame: 62333
end_frame: 62411
start_frame: 110049
end_frame: 110110
start_frame: 86806
end_frame: 87019
start_frame: 112833
end_frame: 113062
start_frame: 43880
end_frame: 43911
start_frame: 111596
end_frame: 111820
start_frame: 42589
end_frame: 42889
start_frame: 39283
end_frame: 39380
start_frame: 134131
end_frame: 134185
start_frame: 118402
end_frame: 118434
start_frame: 46155
end_frame: 46332
start_frame: 99567
end_frame: 99603
start_frame: 61501
end_frame: 61579
start_frame: 50288
end_frame: 50411
start_frame: 43909
end_frame: 44145
start_frame: 69023
end_frame: 69175
start_frame: 50014
end_frame: 50109
start_frame: 14137
end_frame: 14277
start_frame: 58016
end_frame: 58145
start_frame: 47771
end_frame: 47940
start_frame: 9771
end_frame: 9945
start_frame: 141064
end_frame: 141151
start_frame: 93379
end_frame: 93477
start_frame: 119582
end_frame: 119617
start_frame: 147110
end_frame: 147162
start_frame: 45301
end_frame: 45391
start_frame: 61672
end_frame: 61826
start_frame: 40585
end_frame: 40907
start_frame: 76691
end_frame: 76788
start_frame: 116035
end_frame: 116176
start_frame: 76625
end_frame: 76804
start_frame: 108151
end_frame: 108302
start_frame: 88691
end_frame: 88797
start_frame: 51285
end_frame: 51406
start_frame: 23231
end_frame: 23280
start_frame: 32330
end_frame: 32461
start_frame: 98167
end_frame: 98296
start_frame: 28969
end_frame: 29025
start_frame: 33653
end_frame: 33948
start_frame: 83473
end_frame: 83643
start_frame: 3802
end_frame: 4042
start_frame: 749
end_frame: 1016
start_frame: 134615
end_frame: 134703
start_frame: 37091
end_frame: 37194
start_frame: 20137
end_frame: 20210
start_frame: 77519
end_frame: 77796
start_frame: 32799
end_frame: 32888
start_frame: 141347
end_frame: 141622
start_frame: 26212
end_frame: 26278
start_frame: 141097
end_frame: 141218
start_frame: 99926
end_frame: 100120
start_frame: 64193
end_frame: 64346
start_frame: 115436
end_frame: 115531
start_frame: 56976
end_frame: 57069
start_frame: 73266
end_frame: 73358
start_frame: 10952
end_frame: 11053
start_frame: 89632
end_frame: 89738
start_frame: 5697
end_frame: 5738
start_frame: 115300
end_frame: 115589
start_frame: 25284
end_frame: 25385
start_frame: 98495
end_frame: 98586
start_frame: 145838
end_frame: 146034
start_frame: 114071
end_frame: 114190
start_frame: 110886
end_frame: 111028
start_frame: 76293
end_frame: 76509
start_frame: 139541
end_frame: 139663
start_frame: 105737
end_frame: 105912
start_frame: 84282
end_frame: 84414
start_frame: 55758
end_frame: 55882
start_frame: 108598
end_frame: 108657
start_frame: 32402
end_frame: 32443
start_frame: 137931
end_frame: 138165
start_frame: 126702
end_frame: 126914
start_frame: 38528
end_frame: 38759
start_frame: 42458
end_frame: 42592
start_frame: 143711
end_frame: 143997
start_frame: 129114
end_frame: 129213
start_frame: 115840
end_frame: 116021
start_frame: 63444
end_frame: 63587
start_frame: 34632
end_frame: 34800
start_frame: 16009
end_frame: 16243
start_frame: 68370
end_frame: 68601
start_frame: 106399
end_frame: 106435
start_frame: 72208
end_frame: 72391
start_frame: 23195
end_frame: 23422
start_frame: 125892
end_frame: 125965
start_frame: 43877
end_frame: 43943
start_frame: 20577
end_frame: 20732
start_frame: 23708
end_frame: 23864
start_frame: 141581
end_frame: 141653
start_frame: 130070
end_frame: 130287
start_frame: 118112
end_frame: 118178
start_frame: 89826
end_frame: 90011
start_frame: 48677
end_frame: 48736
start_frame: 133352
end_frame: 133445
start_frame: 65313
end_frame: 65407
start_frame: 13953
end_frame: 14056
start_frame: 14196
end_frame: 14257
start_frame: 62098
end_frame: 62338
start_frame: 15393
end_frame: 15562
start_frame: 80942
end_frame: 81010
start_frame: 63482
end_frame: 63652
start_frame: 19030
end_frame: 19182
start_frame: 91462
end_frame: 91551
start_frame: 123282
end_frame: 123375
start_frame: 46975
end_frame: 47047
start_frame: 128208
end_frame: 128258
start_frame: 60555
end_frame: 60660
start_frame: 77883
end_frame: 78036
start_frame: 54313
end_frame: 54499
start_frame: 114394
end_frame: 114492
start_frame: 93086
end_frame: 93280
start_frame: 2899
end_frame: 3218
start_frame: 38605
end_frame: 38821
start_frame: 69773
end_frame: 69945
start_frame: 85659
end_frame: 85723
start_frame: 26584
end_frame: 26816
start_frame: 146817
end_frame: 147030
start_frame: 79063
end_frame: 79216
start_frame: 58932
end_frame: 59000
start_frame: 71660
end_frame: 71777
start_frame: 15368
end_frame: 15427
start_frame: 85381
end_frame: 85544
start_frame: 1261
end_frame: 1329
start_frame: 70020
end_frame: 70154
start_frame: 58410
end_frame: 58450
start_frame: 142907
end_frame: 143050
start_frame: 19940
end_frame: 20149
start_frame: 116515
end_frame: 116687
start_frame: 99387
end_frame: 99430
start_frame: 129040
end_frame: 129219
start_frame: 123440
end_frame: 123636
start_frame: 5730
end_frame: 5806
start_frame: 97942
end_frame: 97988
start_frame: 135072
end_frame: 135295
start_frame: 102798
end_frame: 102955
start_frame: 30489
end_frame: 30555
start_frame: 131580
end_frame: 131653
start_frame: 23107
end_frame: 23199
start_frame: 109885
end_frame: 110066
start_frame: 132248
end_frame: 132300
start_frame: 26237
end_frame: 26353
start_frame: 48286
end_frame: 48366
start_frame: 14014
end_frame: 14228
start_frame: 77889
end_frame: 78086
start_frame: 1599
end_frame: 1779
start_frame: 76323
end_frame: 76421
start_frame: 146596
end_frame: 146693
start_frame: 126300
end_frame: 126476
start_frame: 106593
end_frame: 106726
start_frame: 127350
end_frame: 127404
start_frame: 113367
end_frame: 113571
start_frame: 20651
end_frame: 20861
start_frame: 123587
end_frame: 123697
start_frame: 99993
end_frame: 100087
start_frame: 69774
end_frame: 69856
start_frame: 37994
end_frame: 38195
start_frame: 84535
end_frame: 84685
start_frame: 121463
end_frame: 121652
start_frame: 83950
end_frame: 84280
start_frame: 53394
end_frame: 53661
start_frame: 99229
end_frame: 99476
start_frame: 31671
end_frame: 31738
start_frame: 79573
end_frame: 79726
start_frame: 59474
end_frame: 59569
start_frame: 118160
end_frame: 118291
start_frame: 6122
end_frame: 6371
start_frame: 26181
end_frame: 26353
start_frame: 57786
end_frame: 57852
/scratch-shared/ivanmiert/All_matches_27aug/g5476370-hd.mp4
/scratch-shared/ivanmiert/All_matches_27aug/g5476432-hd.mp4
/scratch-shared/ivanmiert/All_matches_27aug/g5476472-hd.mp4
/scratch-shared/ivanmiert/All_matches_27aug/g5476339-hd.mp4
65980
124386
65980
124386
79940
79940
Saved /scratch-shared/ivanmiert/overview/frames_folder/event_2090216330/frame_0000.jpg
124387
Saved /scratch-shared/ivanmiert/overview/frames_folder/event_1832834865/frame_0000.jpg
Saved /scratch-shared/ivanmiert/overview/frames_folder/event_1949437006/frame_0000.jpg
79941
65981
Saved /scratch-shared/ivanmiert/overview/frames_folder/event_2090216330/frame_0001.jpg
Saved /scratch-shared/ivanmiert/overview/frames_folder/event_1949437006/frame_0001.jpg
124388
Saved /scratch-shared/ivanmiert/overview/frames_folder/event_1832834865/frame_0001.jpg
65982
79942
137124
Saved /scratch-shared/ivanmiert/overview/frames_folder/event_2090216330/frame_0002.jpg
Saved /scratch-shared/ivanmiert/overview/frames_folder/event_1832834865/frame_0002.jpg
Saved /scratch-shared/ivanmiert/overview/frames_folder/event_1949437006/frame_0002.jpg
124389
79943
65983
137124
Saved /scratch-shared/ivanmiert/overview/frames_folder/event_1832834865/frame_0003.jpg
79944
Saved /scratch-shared/ivanmiert/overview/frames_folder/event_1949437006/frame_0003.jpg
Saved /scratch-shared/ivanmiert/overview/frames_folder/event_1869057233/frame_0000.jpg
65984
Frame extraction complete for event 1869057233 on GPU 0.
/scratch-shared/ivanmiert/All_matches_27aug/g5476375-hd.mp4
Saved /scratch-shared/ivanmiert/overview/frames_folder/event_2090216330/frame_0003.jpg
124390
Saved /scratch-shared/ivanmiert/overview/frames_folder/event_1832834865/frame_0004.jpg
79945
Saved /scratch-shared/ivanmiert/overview/frames_folder/event_1832834865/frame_0005.jpg
79946
Saved /scratch-shared/ivanmiert/overview/frames_folder/event_2090216330/frame_0004.jpg
Saved /scratch-shared/ivanmiert/overview/frames_folder/event_1949437006/frame_0004.jpg
124391
65985
Saved /scratch-shared/ivanmiert/overview/frames_folder/event_1832834865/frame_0006.jpg
79947
Saved /scratch-shared/ivanmiert/overview/frames_folder/event_1832834865/frame_0007.jpg
79948
Saved /scratch-shared/ivanmiert/overview/frames_folder/event_1949437006/frame_0005.jpg
65986
Saved /scratch-shared/ivanmiert/overview/frames_folder/event_2090216330/frame_0005.jpg
124392
85008
85008
Saved /scratch-shared/ivanmiert/overview/frames_folder/event_1949437006/frame_0006.jpg
65987
Saved /scratch-shared/ivanmiert/overview/frames_folder/event_1832834865/frame_0008.jpg
79949
Saved /scratch-shared/ivanmiert/overview/frames_folder/event_1860160625/frame_0000.jpg
Saved /scratch-shared/ivanmiert/overview/frames_folder/event_1949437006/frame_0007.jpg
65988
85009
Saved /scratch-shared/ivanmiert/overview/frames_folder/event_2090216330/frame_0006.jpg
124393
Saved /scratch-shared/ivanmiert/overview/frames_folder/event_1832834865/frame_0009.jpg
Saved /scratch-shared/ivanmiert/overview/frames_folder/event_1949437006/frame_0008.jpg
79950
65989
Saved /scratch-shared/ivanmiert/overview/frames_folder/event_1832834865/frame_0010.jpg
79951
Saved /scratch-shared/ivanmiert/overview/frames_folder/event_1949437006/frame_0009.jpg
65990
Saved /scratch-shared/ivanmiert/overview/frames_folder/event_1860160625/frame_0001.jpg
Saved /scratch-shared/ivanmiert/overview/frames_folder/event_1832834865/frame_0011.jpg
Saved /scratch-shared/ivanmiert/overview/frames_folder/event_2090216330/frame_0007.jpg
79952
124394
85010
Saved /scratch-shared/ivanmiert/overview/frames_folder/event_1949437006/frame_0010.jpg
Saved /scratch-shared/ivanmiert/overview/frames_folder/event_1832834865/frame_0012.jpg
65991
Saved /scratch-shared/ivanmiert/overview/frames_folder/event_1860160625/frame_0002.jpg
Saved /scratch-shared/ivanmiert/overview/frames_folder/event_2090216330/frame_0008.jpg
79953
85011
124395
Saved /scratch-shared/ivanmiert/overview/frames_folder/event_1832834865/frame_0013.jpg
79954
Saved /scratch-shared/ivanmiert/overview/frames_folder/event_2090216330/frame_0009.jpg
124396
Saved /scratch-shared/ivanmiert/overview/frames_folder/event_1832834865/frame_0014.jpg
Saved /scratch-shared/ivanmiert/overview/frames_folder/event_1860160625/frame_0003.jpg
79955
Saved /scratch-shared/ivanmiert/overview/frames_folder/event_1949437006/frame_0011.jpg
Saved /scratch-shared/ivanmiert/overview/frames_folder/event_2090216330/frame_0010.jpg
85012
65992
124397
Saved /scratch-shared/ivanmiert/overview/frames_folder/event_1832834865/frame_0015.jpg
79956
Saved /scratch-shared/ivanmiert/overview/frames_folder/event_1949437006/frame_0012.jpg
Saved /scratch-shared/ivanmiert/overview/frames_folder/event_1860160625/frame_0004.jpg
Saved /scratch-shared/ivanmiert/overview/frames_folder/event_2090216330/frame_0011.jpg
65993
85013
124398
Saved /scratch-shared/ivanmiert/overview/frames_folder/event_1860160625/frame_0005.jpg
85014
Saved /scratch-shared/ivanmiert/overview/frames_folder/event_1949437006/frame_0013.jpg
65994
Saved /scratch-shared/ivanmiert/overview/frames_folder/event_2090216330/frame_0012.jpg
124399
Saved /scratch-shared/ivanmiert/overview/frames_folder/event_1832834865/frame_0016.jpg
79957
Saved /scratch-shared/ivanmiert/overview/frames_folder/event_2090216330/frame_0013.jpg
124400
Saved /scratch-shared/ivanmiert/overview/frames_folder/event_1860160625/frame_0006.jpg
85015
Saved /scratch-shared/ivanmiert/overview/frames_folder/event_1949437006/frame_0014.jpg
65995
Saved /scratch-shared/ivanmiert/overview/frames_folder/event_1832834865/frame_0017.jpgSaved /scratch-shared/ivanmiert/overview/frames_folder/event_2090216330/frame_0014.jpg

124401
79958
Saved /scratch-shared/ivanmiert/overview/frames_folder/event_1860160625/frame_0007.jpg
Saved /scratch-shared/ivanmiert/overview/frames_folder/event_1949437006/frame_0015.jpg
85016
65996
Saved /scratch-shared/ivanmiert/overview/frames_folder/event_1832834865/frame_0018.jpg
79959
Saved /scratch-shared/ivanmiert/overview/frames_folder/event_1832834865/frame_0019.jpg
79960
Saved /scratch-shared/ivanmiert/overview/frames_folder/event_2090216330/frame_0015.jpg
124402
Saved /scratch-shared/ivanmiert/overview/frames_folder/event_1860160625/frame_0008.jpg
85017
Saved /scratch-shared/ivanmiert/overview/frames_folder/event_1949437006/frame_0016.jpg
65997
Saved /scratch-shared/ivanmiert/overview/frames_folder/event_1832834865/frame_0020.jpg
79961
Saved /scratch-shared/ivanmiert/overview/frames_folder/event_1949437006/frame_0017.jpg
65998
Saved /scratch-shared/ivanmiert/overview/frames_folder/event_2090216330/frame_0016.jpg
124403
Saved /scratch-shared/ivanmiert/overview/frames_folder/event_1860160625/frame_0009.jpg
85018
Saved /scratch-shared/ivanmiert/overview/frames_folder/event_1832834865/frame_0021.jpg
79962
Saved /scratch-shared/ivanmiert/overview/frames_folder/event_1949437006/frame_0018.jpg
65999
Saved /scratch-shared/ivanmiert/overview/frames_folder/event_1860160625/frame_0010.jpg
Saved /scratch-shared/ivanmiert/overview/frames_folder/event_2090216330/frame_0017.jpg
85019
124404
Saved /scratch-shared/ivanmiert/overview/frames_folder/event_1860160625/frame_0011.jpg
85020
Saved /scratch-shared/ivanmiert/overview/frames_folder/event_1832834865/frame_0022.jpg
79963
Saved /scratch-shared/ivanmiert/overview/frames_folder/event_1949437006/frame_0019.jpg
66000
Saved /scratch-shared/ivanmiert/overview/frames_folder/event_1832834865/frame_0023.jpg
79964
Saved /scratch-shared/ivanmiert/overview/frames_folder/event_2090216330/frame_0018.jpg
124405
Saved /scratch-shared/ivanmiert/overview/frames_folder/event_1860160625/frame_0012.jpg
Saved /scratch-shared/ivanmiert/overview/frames_folder/event_1949437006/frame_0020.jpg
85021
66001
Saved /scratch-shared/ivanmiert/overview/frames_folder/event_1860160625/frame_0013.jpg
Saved /scratch-shared/ivanmiert/overview/frames_folder/event_1949437006/frame_0021.jpg
85022
66002
Saved /scratch-shared/ivanmiert/overview/frames_folder/event_2090216330/frame_0019.jpg
124406
Saved /scratch-shared/ivanmiert/overview/frames_folder/event_1832834865/frame_0024.jpg
Saved /scratch-shared/ivanmiert/overview/frames_folder/event_1860160625/frame_0014.jpg
Saved /scratch-shared/ivanmiert/overview/frames_folder/event_1949437006/frame_0022.jpg
79965
85023
66003
Saved /scratch-shared/ivanmiert/overview/frames_folder/event_1860160625/frame_0015.jpg
85024
Saved /scratch-shared/ivanmiert/overview/frames_folder/event_1949437006/frame_0023.jpg
66004
Saved /scratch-shared/ivanmiert/overview/frames_folder/event_1832834865/frame_0025.jpg
79966
Saved /scratch-shared/ivanmiert/overview/frames_folder/event_1860160625/frame_0016.jpg
85025
Saved /scratch-shared/ivanmiert/overview/frames_folder/event_1832834865/frame_0026.jpg
79967
Saved /scratch-shared/ivanmiert/overview/frames_folder/event_1860160625/frame_0017.jpg
85026
Saved /scratch-shared/ivanmiert/overview/frames_folder/event_1949437006/frame_0024.jpg
66005
Saved /scratch-shared/ivanmiert/overview/frames_folder/event_1860160625/frame_0018.jpg
85027
Saved /scratch-shared/ivanmiert/overview/frames_folder/event_1949437006/frame_0025.jpg
66006
Saved /scratch-shared/ivanmiert/overview/frames_folder/event_1832834865/frame_0027.jpg
79968
Saved /scratch-shared/ivanmiert/overview/frames_folder/event_1860160625/frame_0019.jpg
85028
Saved /scratch-shared/ivanmiert/overview/frames_folder/event_2090216330/frame_0020.jpg
124407
Saved /scratch-shared/ivanmiert/overview/frames_folder/event_1949437006/frame_0026.jpg
66007
Saved /scratch-shared/ivanmiert/overview/frames_folder/event_1832834865/frame_0028.jpg
79969
Saved /scratch-shared/ivanmiert/overview/frames_folder/event_2090216330/frame_0021.jpg
Saved /scratch-shared/ivanmiert/overview/frames_folder/event_1860160625/frame_0020.jpg
85029
124408
Saved /scratch-shared/ivanmiert/overview/frames_folder/event_1832834865/frame_0029.jpg
Saved /scratch-shared/ivanmiert/overview/frames_folder/event_1949437006/frame_0027.jpg
79970
66008
Saved /scratch-shared/ivanmiert/overview/frames_folder/event_1860160625/frame_0021.jpg
85030
Saved /scratch-shared/ivanmiert/overview/frames_folder/event_1832834865/frame_0030.jpg
79971
Saved /scratch-shared/ivanmiert/overview/frames_folder/event_1832834865/frame_0031.jpg
79972
Saved /scratch-shared/ivanmiert/overview/frames_folder/event_1860160625/frame_0022.jpg
85031
Saved /scratch-shared/ivanmiert/overview/frames_folder/event_1949437006/frame_0028.jpg
66009
Saved /scratch-shared/ivanmiert/overview/frames_folder/event_2090216330/frame_0022.jpg
124409
Saved /scratch-shared/ivanmiert/overview/frames_folder/event_1860160625/frame_0023.jpg
85032
Saved /scratch-shared/ivanmiert/overview/frames_folder/event_1949437006/frame_0029.jpg
66010
Saved /scratch-shared/ivanmiert/overview/frames_folder/event_2090216330/frame_0023.jpg
124410
Saved /scratch-shared/ivanmiert/overview/frames_folder/event_1860160625/frame_0024.jpg
Saved /scratch-shared/ivanmiert/overview/frames_folder/event_1949437006/frame_0030.jpg
85033
Saved /scratch-shared/ivanmiert/overview/frames_folder/event_2090216330/frame_0024.jpg
66011
124411
Saved /scratch-shared/ivanmiert/overview/frames_folder/event_1860160625/frame_0025.jpg
85034
Saved /scratch-shared/ivanmiert/overview/frames_folder/event_1832834865/frame_0032.jpg
79973
Saved /scratch-shared/ivanmiert/overview/frames_folder/event_1949437006/frame_0031.jpg
66012
Saved /scratch-shared/ivanmiert/overview/frames_folder/event_2090216330/frame_0025.jpg
124412
Saved /scratch-shared/ivanmiert/overview/frames_folder/event_1832834865/frame_0033.jpg
79974
Saved /scratch-shared/ivanmiert/overview/frames_folder/event_1949437006/frame_0032.jpg
Saved /scratch-shared/ivanmiert/overview/frames_folder/event_1860160625/frame_0026.jpg
66013
85035
Saved /scratch-shared/ivanmiert/overview/frames_folder/event_2090216330/frame_0026.jpg
124413
Saved /scratch-shared/ivanmiert/overview/frames_folder/event_1832834865/frame_0034.jpg
79975
Saved /scratch-shared/ivanmiert/overview/frames_folder/event_1949437006/frame_0033.jpg
66014
Saved /scratch-shared/ivanmiert/overview/frames_folder/event_1832834865/frame_0035.jpg
79976
Saved /scratch-shared/ivanmiert/overview/frames_folder/event_1949437006/frame_0034.jpg
66015
Saved /scratch-shared/ivanmiert/overview/frames_folder/event_1832834865/frame_0036.jpg
79977
Saved /scratch-shared/ivanmiert/overview/frames_folder/event_2090216330/frame_0027.jpg
124414
Saved /scratch-shared/ivanmiert/overview/frames_folder/event_1860160625/frame_0027.jpg
85036
Saved /scratch-shared/ivanmiert/overview/frames_folder/event_1949437006/frame_0035.jpg
66016
Saved /scratch-shared/ivanmiert/overview/frames_folder/event_1860160625/frame_0028.jpg
Saved /scratch-shared/ivanmiert/overview/frames_folder/event_1949437006/frame_0036.jpg
Saved /scratch-shared/ivanmiert/overview/frames_folder/event_2090216330/frame_0028.jpg
66017
85037
124415
Saved /scratch-shared/ivanmiert/overview/frames_folder/event_1949437006/frame_0037.jpg
Saved /scratch-shared/ivanmiert/overview/frames_folder/event_2090216330/frame_0029.jpg
66018
124416
Saved /scratch-shared/ivanmiert/overview/frames_folder/event_2090216330/frame_0030.jpg
124417
Saved /scratch-shared/ivanmiert/overview/frames_folder/event_1860160625/frame_0029.jpg
Saved /scratch-shared/ivanmiert/overview/frames_folder/event_2090216330/frame_0031.jpg
85038
124418
Saved /scratch-shared/ivanmiert/overview/frames_folder/event_1832834865/frame_0037.jpg
79978
Saved /scratch-shared/ivanmiert/overview/frames_folder/event_2090216330/frame_0032.jpg
124419
Saved /scratch-shared/ivanmiert/overview/frames_folder/event_1860160625/frame_0030.jpg
Saved /scratch-shared/ivanmiert/overview/frames_folder/event_1949437006/frame_0038.jpg
Saved /scratch-shared/ivanmiert/overview/frames_folder/event_2090216330/frame_0033.jpg
124420
66019
85039
Saved /scratch-shared/ivanmiert/overview/frames_folder/event_1860160625/frame_0031.jpg
Saved /scratch-shared/ivanmiert/overview/frames_folder/event_1949437006/frame_0039.jpg
85040
66020
Saved /scratch-shared/ivanmiert/overview/frames_folder/event_1949437006/frame_0040.jpg
Saved /scratch-shared/ivanmiert/overview/frames_folder/event_1860160625/frame_0032.jpg
66021
85041
Saved /scratch-shared/ivanmiert/overview/frames_folder/event_1832834865/frame_0038.jpg
79979
Saved /scratch-shared/ivanmiert/overview/frames_folder/event_1949437006/frame_0041.jpg
Saved /scratch-shared/ivanmiert/overview/frames_folder/event_1860160625/frame_0033.jpg
Saved /scratch-shared/ivanmiert/overview/frames_folder/event_2090216330/frame_0034.jpg
8504266022

124421
Saved /scratch-shared/ivanmiert/overview/frames_folder/event_1832834865/frame_0039.jpg
79980
Saved /scratch-shared/ivanmiert/overview/frames_folder/event_1860160625/frame_0034.jpg
Saved /scratch-shared/ivanmiert/overview/frames_folder/event_1949437006/frame_0042.jpg
Saved /scratch-shared/ivanmiert/overview/frames_folder/event_2090216330/frame_0035.jpg
66023
85043
124422
Saved /scratch-shared/ivanmiert/overview/frames_folder/event_1832834865/frame_0040.jpg
79981
Saved /scratch-shared/ivanmiert/overview/frames_folder/event_1860160625/frame_0035.jpg
Saved /scratch-shared/ivanmiert/overview/frames_folder/event_1949437006/frame_0043.jpg
85044
66024
Saved /scratch-shared/ivanmiert/overview/frames_folder/event_2090216330/frame_0036.jpg
124423
Saved /scratch-shared/ivanmiert/overview/frames_folder/event_1860160625/frame_0036.jpg
Saved /scratch-shared/ivanmiert/overview/frames_folder/event_1949437006/frame_0044.jpg
85045
66025
Saved /scratch-shared/ivanmiert/overview/frames_folder/event_2090216330/frame_0037.jpg
124424
Saved /scratch-shared/ivanmiert/overview/frames_folder/event_1949437006/frame_0045.jpg
66026
Saved /scratch-shared/ivanmiert/overview/frames_folder/event_2090216330/frame_0038.jpg
124425
Saved /scratch-shared/ivanmiert/overview/frames_folder/event_1949437006/frame_0046.jpg
66027
Saved /scratch-shared/ivanmiert/overview/frames_folder/event_1860160625/frame_0037.jpg
Saved /scratch-shared/ivanmiert/overview/frames_folder/event_2090216330/frame_0039.jpg
85046
124426
Saved /scratch-shared/ivanmiert/overview/frames_folder/event_1832834865/frame_0041.jpg
79982
Saved /scratch-shared/ivanmiert/overview/frames_folder/event_1860160625/frame_0038.jpg
85047
Saved /scratch-shared/ivanmiert/overview/frames_folder/event_1949437006/frame_0047.jpg
66028
Saved /scratch-shared/ivanmiert/overview/frames_folder/event_1860160625/frame_0039.jpg
85048
Saved /scratch-shared/ivanmiert/overview/frames_folder/event_1949437006/frame_0048.jpg
66029
Saved /scratch-shared/ivanmiert/overview/frames_folder/event_1860160625/frame_0040.jpg
85049
Saved /scratch-shared/ivanmiert/overview/frames_folder/event_1949437006/frame_0049.jpg
66030
Saved /scratch-shared/ivanmiert/overview/frames_folder/event_1860160625/frame_0041.jpg
85050
Saved /scratch-shared/ivanmiert/overview/frames_folder/event_1832834865/frame_0042.jpg
Saved /scratch-shared/ivanmiert/overview/frames_folder/event_2090216330/frame_0040.jpg
79983
124427
Saved /scratch-shared/ivanmiert/overview/frames_folder/event_1949437006/frame_0050.jpg
66031
Saved /scratch-shared/ivanmiert/overview/frames_folder/event_1860160625/frame_0042.jpg
85051
Saved /scratch-shared/ivanmiert/overview/frames_folder/event_2090216330/frame_0041.jpg
124428
Saved /scratch-shared/ivanmiert/overview/frames_folder/event_1832834865/frame_0043.jpg
79984
Saved /scratch-shared/ivanmiert/overview/frames_folder/event_1860160625/frame_0043.jpg
85052
Saved /scratch-shared/ivanmiert/overview/frames_folder/event_2090216330/frame_0042.jpg
Saved /scratch-shared/ivanmiert/overview/frames_folder/event_1832834865/frame_0044.jpg
Saved /scratch-shared/ivanmiert/overview/frames_folder/event_1949437006/frame_0051.jpg
124429
79985
66032
Saved /scratch-shared/ivanmiert/overview/frames_folder/event_1860160625/frame_0044.jpg
85053
Saved /scratch-shared/ivanmiert/overview/frames_folder/event_1949437006/frame_0052.jpg
66033
Saved /scratch-shared/ivanmiert/overview/frames_folder/event_1832834865/frame_0045.jpg
Saved /scratch-shared/ivanmiert/overview/frames_folder/event_1860160625/frame_0045.jpg
79986
85054
Saved /scratch-shared/ivanmiert/overview/frames_folder/event_1832834865/frame_0046.jpg
79987
Saved /scratch-shared/ivanmiert/overview/frames_folder/event_1860160625/frame_0046.jpg
85055
Saved /scratch-shared/ivanmiert/overview/frames_folder/event_2090216330/frame_0043.jpg
124430
Saved /scratch-shared/ivanmiert/overview/frames_folder/event_1832834865/frame_0047.jpg
79988
Saved /scratch-shared/ivanmiert/overview/frames_folder/event_1860160625/frame_0047.jpg
85056
Saved /scratch-shared/ivanmiert/overview/frames_folder/event_1949437006/frame_0053.jpg
66034
Saved /scratch-shared/ivanmiert/overview/frames_folder/event_2090216330/frame_0044.jpg
124431
Saved /scratch-shared/ivanmiert/overview/frames_folder/event_1832834865/frame_0048.jpgSaved /scratch-shared/ivanmiert/overview/frames_folder/event_1860160625/frame_0048.jpg

85057
Saved /scratch-shared/ivanmiert/overview/frames_folder/event_1949437006/frame_0054.jpg
Saved /scratch-shared/ivanmiert/overview/frames_folder/event_2090216330/frame_0045.jpg
66035
124432
79989
Saved /scratch-shared/ivanmiert/overview/frames_folder/event_1860160625/frame_0049.jpg
85058
Saved /scratch-shared/ivanmiert/overview/frames_folder/event_2090216330/frame_0046.jpg
Saved /scratch-shared/ivanmiert/overview/frames_folder/event_1949437006/frame_0055.jpg
Saved /scratch-shared/ivanmiert/overview/frames_folder/event_1832834865/frame_0049.jpg
124433
66036
79990
Saved /scratch-shared/ivanmiert/overview/frames_folder/event_1860160625/frame_0050.jpg
85059
Saved /scratch-shared/ivanmiert/overview/frames_folder/event_2090216330/frame_0047.jpg
Saved /scratch-shared/ivanmiert/overview/frames_folder/event_1949437006/frame_0056.jpg
66037
124434
Saved /scratch-shared/ivanmiert/overview/frames_folder/event_1832834865/frame_0050.jpg
Saved /scratch-shared/ivanmiert/overview/frames_folder/event_1860160625/frame_0051.jpg
79991
85060
Saved /scratch-shared/ivanmiert/overview/frames_folder/event_2090216330/frame_0048.jpg
Saved /scratch-shared/ivanmiert/overview/frames_folder/event_1860160625/frame_0052.jpg
85061
124435
Saved /scratch-shared/ivanmiert/overview/frames_folder/event_1832834865/frame_0051.jpg
79992
Saved /scratch-shared/ivanmiert/overview/frames_folder/event_1949437006/frame_0057.jpg
66038
Saved /scratch-shared/ivanmiert/overview/frames_folder/event_1860160625/frame_0053.jpg
85062
Saved /scratch-shared/ivanmiert/overview/frames_folder/event_1860160625/frame_0054.jpg
85063
Saved /scratch-shared/ivanmiert/overview/frames_folder/event_1949437006/frame_0058.jpg
66039
Saved /scratch-shared/ivanmiert/overview/frames_folder/event_1860160625/frame_0055.jpg
85064
Saved /scratch-shared/ivanmiert/overview/frames_folder/event_1949437006/frame_0059.jpg
66040
Saved /scratch-shared/ivanmiert/overview/frames_folder/event_1860160625/frame_0056.jpg
85065
Saved /scratch-shared/ivanmiert/overview/frames_folder/event_1860160625/frame_0057.jpg
85066
Saved /scratch-shared/ivanmiert/overview/frames_folder/event_1832834865/frame_0052.jpg
79993
Saved /scratch-shared/ivanmiert/overview/frames_folder/event_2090216330/frame_0049.jpg
124436
Saved /scratch-shared/ivanmiert/overview/frames_folder/event_1860160625/frame_0058.jpg
85067
Saved /scratch-shared/ivanmiert/overview/frames_folder/event_1949437006/frame_0060.jpg
66041
Saved /scratch-shared/ivanmiert/overview/frames_folder/event_1860160625/frame_0059.jpg
85068
Saved /scratch-shared/ivanmiert/overview/frames_folder/event_2090216330/frame_0050.jpg
Saved /scratch-shared/ivanmiert/overview/frames_folder/event_1949437006/frame_0061.jpg
66042
124437
Saved /scratch-shared/ivanmiert/overview/frames_folder/event_1832834865/frame_0053.jpg
79994
Saved /scratch-shared/ivanmiert/overview/frames_folder/event_1860160625/frame_0060.jpg
85069
Saved /scratch-shared/ivanmiert/overview/frames_folder/event_2090216330/frame_0051.jpg
124438
Saved /scratch-shared/ivanmiert/overview/frames_folder/event_1832834865/frame_0054.jpg
Saved /scratch-shared/ivanmiert/overview/frames_folder/event_1860160625/frame_0061.jpg
85070
79995
Saved /scratch-shared/ivanmiert/overview/frames_folder/event_1949437006/frame_0062.jpg
66043
Saved /scratch-shared/ivanmiert/overview/frames_folder/event_2090216330/frame_0052.jpg
124439
Saved /scratch-shared/ivanmiert/overview/frames_folder/event_1860160625/frame_0062.jpg
85071
Saved /scratch-shared/ivanmiert/overview/frames_folder/event_1832834865/frame_0055.jpg
79996
Saved /scratch-shared/ivanmiert/overview/frames_folder/event_1949437006/frame_0063.jpg
66044
Saved /scratch-shared/ivanmiert/overview/frames_folder/event_1832834865/frame_0056.jpg
Saved /scratch-shared/ivanmiert/overview/frames_folder/event_1860160625/frame_0063.jpg
Saved /scratch-shared/ivanmiert/overview/frames_folder/event_2090216330/frame_0053.jpg
79997
85072
124440
Saved /scratch-shared/ivanmiert/overview/frames_folder/event_1949437006/frame_0064.jpg
66045
Saved /scratch-shared/ivanmiert/overview/frames_folder/event_1832834865/frame_0057.jpg
79998
Saved /scratch-shared/ivanmiert/overview/frames_folder/event_1832834865/frame_0058.jpg
79999
Saved /scratch-shared/ivanmiert/overview/frames_folder/event_1860160625/frame_0064.jpg
Saved /scratch-shared/ivanmiert/overview/frames_folder/event_1949437006/frame_0065.jpg
85073
66046
Saved /scratch-shared/ivanmiert/overview/frames_folder/event_2090216330/frame_0054.jpg
124441
Saved /scratch-shared/ivanmiert/overview/frames_folder/event_1832834865/frame_0059.jpg
80000
Saved /scratch-shared/ivanmiert/overview/frames_folder/event_2090216330/frame_0055.jpg
124442
Saved /scratch-shared/ivanmiert/overview/frames_folder/event_1860160625/frame_0065.jpg
85074
Saved /scratch-shared/ivanmiert/overview/frames_folder/event_1832834865/frame_0060.jpg
Saved /scratch-shared/ivanmiert/overview/frames_folder/event_1949437006/frame_0066.jpg
80001
66047
Saved /scratch-shared/ivanmiert/overview/frames_folder/event_2090216330/frame_0056.jpg
124443
Saved /scratch-shared/ivanmiert/overview/frames_folder/event_1860160625/frame_0066.jpg
85075
Saved /scratch-shared/ivanmiert/overview/frames_folder/event_1949437006/frame_0067.jpg
66048
Saved /scratch-shared/ivanmiert/overview/frames_folder/event_1949437006/frame_0068.jpg
66049
Saved /scratch-shared/ivanmiert/overview/frames_folder/event_2090216330/frame_0057.jpg
124444
Saved /scratch-shared/ivanmiert/overview/frames_folder/event_1860160625/frame_0067.jpg
85076
Saved /scratch-shared/ivanmiert/overview/frames_folder/event_2090216330/frame_0058.jpg
124445
Saved /scratch-shared/ivanmiert/overview/frames_folder/event_1949437006/frame_0069.jpg
66050
Saved /scratch-shared/ivanmiert/overview/frames_folder/event_1832834865/frame_0061.jpg
80002
Saved /scratch-shared/ivanmiert/overview/frames_folder/event_1949437006/frame_0070.jpg
66051
Saved /scratch-shared/ivanmiert/overview/frames_folder/event_1949437006/frame_0071.jpg
66052
Saved /scratch-shared/ivanmiert/overview/frames_folder/event_1832834865/frame_0062.jpg
80003
Saved /scratch-shared/ivanmiert/overview/frames_folder/event_1832834865/frame_0063.jpg
80004
Saved /scratch-shared/ivanmiert/overview/frames_folder/event_1949437006/frame_0072.jpg
66053
Saved /scratch-shared/ivanmiert/overview/frames_folder/event_2090216330/frame_0059.jpg
124446
Saved /scratch-shared/ivanmiert/overview/frames_folder/event_1860160625/frame_0068.jpg
85077
Saved /scratch-shared/ivanmiert/overview/frames_folder/event_1832834865/frame_0064.jpg
80005
Saved /scratch-shared/ivanmiert/overview/frames_folder/event_1949437006/frame_0073.jpg
Saved /scratch-shared/ivanmiert/overview/frames_folder/event_2090216330/frame_0060.jpg
66054
124447
Saved /scratch-shared/ivanmiert/overview/frames_folder/event_1860160625/frame_0069.jpg
85078
Saved /scratch-shared/ivanmiert/overview/frames_folder/event_1949437006/frame_0074.jpg
66055
Saved /scratch-shared/ivanmiert/overview/frames_folder/event_1832834865/frame_0065.jpg
80006
Saved /scratch-shared/ivanmiert/overview/frames_folder/event_2090216330/frame_0061.jpg
124448
Saved /scratch-shared/ivanmiert/overview/frames_folder/event_1860160625/frame_0070.jpg
85079
Saved /scratch-shared/ivanmiert/overview/frames_folder/event_1949437006/frame_0075.jpg
66056
Saved /scratch-shared/ivanmiert/overview/frames_folder/event_1832834865/frame_0066.jpg
80007
Saved /scratch-shared/ivanmiert/overview/frames_folder/event_1860160625/frame_0071.jpg
Saved /scratch-shared/ivanmiert/overview/frames_folder/event_1832834865/frame_0067.jpg
85080
80008
Saved /scratch-shared/ivanmiert/overview/frames_folder/event_2090216330/frame_0062.jpg
124449
Saved /scratch-shared/ivanmiert/overview/frames_folder/event_1832834865/frame_0068.jpg
80009
Saved /scratch-shared/ivanmiert/overview/frames_folder/event_2090216330/frame_0063.jpg
124450
Saved /scratch-shared/ivanmiert/overview/frames_folder/event_2090216330/frame_0064.jpg
124451
Saved /scratch-shared/ivanmiert/overview/frames_folder/event_1860160625/frame_0072.jpg
85081
Saved /scratch-shared/ivanmiert/overview/frames_folder/event_1832834865/frame_0069.jpg
Saved /scratch-shared/ivanmiert/overview/frames_folder/event_1860160625/frame_0073.jpg
Saved /scratch-shared/ivanmiert/overview/frames_folder/event_1949437006/frame_0076.jpg
Saved /scratch-shared/ivanmiert/overview/frames_folder/event_2090216330/frame_0065.jpg
85082
124452
66057
80010
Saved /scratch-shared/ivanmiert/overview/frames_folder/event_1860160625/frame_0074.jpg
Saved /scratch-shared/ivanmiert/overview/frames_folder/event_1949437006/frame_0077.jpg
85083
Saved /scratch-shared/ivanmiert/overview/frames_folder/event_2090216330/frame_0066.jpg
66058
124453
Saved /scratch-shared/ivanmiert/overview/frames_folder/event_1949437006/frame_0078.jpg
66059
Saved /scratch-shared/ivanmiert/overview/frames_folder/event_2090216330/frame_0067.jpg
124454
Saved /scratch-shared/ivanmiert/overview/frames_folder/event_1860160625/frame_0075.jpg
85084
Saved /scratch-shared/ivanmiert/overview/frames_folder/event_1949437006/frame_0079.jpg
66060
Saved /scratch-shared/ivanmiert/overview/frames_folder/event_1832834865/frame_0070.jpg
Saved /scratch-shared/ivanmiert/overview/frames_folder/event_2090216330/frame_0068.jpg
80011
Saved /scratch-shared/ivanmiert/overview/frames_folder/event_1860160625/frame_0076.jpg
124455
85085
Saved /scratch-shared/ivanmiert/overview/frames_folder/event_1949437006/frame_0080.jpg
66061
Saved /scratch-shared/ivanmiert/overview/frames_folder/event_2090216330/frame_0069.jpg
Saved /scratch-shared/ivanmiert/overview/frames_folder/event_1860160625/frame_0077.jpg
124456
85086
Saved /scratch-shared/ivanmiert/overview/frames_folder/event_2090216330/frame_0070.jpg
Saved /scratch-shared/ivanmiert/overview/frames_folder/event_1860160625/frame_0078.jpg
124457
85087
Saved /scratch-shared/ivanmiert/overview/frames_folder/event_1949437006/frame_0081.jpg
66062
Saved /scratch-shared/ivanmiert/overview/frames_folder/event_1832834865/frame_0071.jpg
80012
Saved /scratch-shared/ivanmiert/overview/frames_folder/event_2090216330/frame_0071.jpg
124458
Saved /scratch-shared/ivanmiert/overview/frames_folder/event_1860160625/frame_0079.jpg
85088
Saved /scratch-shared/ivanmiert/overview/frames_folder/event_1949437006/frame_0082.jpg
66063
Saved /scratch-shared/ivanmiert/overview/frames_folder/event_2090216330/frame_0072.jpg
124459
Saved /scratch-shared/ivanmiert/overview/frames_folder/event_1832834865/frame_0072.jpg
80013
Saved /scratch-shared/ivanmiert/overview/frames_folder/event_1949437006/frame_0083.jpg
66064
Saved /scratch-shared/ivanmiert/overview/frames_folder/event_1832834865/frame_0073.jpg
80014
Saved /scratch-shared/ivanmiert/overview/frames_folder/event_1832834865/frame_0074.jpg
80015
Saved /scratch-shared/ivanmiert/overview/frames_folder/event_1949437006/frame_0084.jpg
66065
Saved /scratch-shared/ivanmiert/overview/frames_folder/event_1832834865/frame_0075.jpg
80016
Saved /scratch-shared/ivanmiert/overview/frames_folder/event_1832834865/frame_0076.jpg
80017
Saved /scratch-shared/ivanmiert/overview/frames_folder/event_1860160625/frame_0080.jpg
85089
Saved /scratch-shared/ivanmiert/overview/frames_folder/event_2090216330/frame_0073.jpg
124460
Saved /scratch-shared/ivanmiert/overview/frames_folder/event_1949437006/frame_0085.jpg
66066
Saved /scratch-shared/ivanmiert/overview/frames_folder/event_1832834865/frame_0077.jpg
80018
Saved /scratch-shared/ivanmiert/overview/frames_folder/event_1832834865/frame_0078.jpg
Saved /scratch-shared/ivanmiert/overview/frames_folder/event_2090216330/frame_0074.jpg
80019
124461
Saved /scratch-shared/ivanmiert/overview/frames_folder/event_1860160625/frame_0081.jpg
85090
Saved /scratch-shared/ivanmiert/overview/frames_folder/event_1949437006/frame_0086.jpg
66067
Saved /scratch-shared/ivanmiert/overview/frames_folder/event_1949437006/frame_0087.jpg
66068
Saved /scratch-shared/ivanmiert/overview/frames_folder/event_1832834865/frame_0079.jpg
Saved /scratch-shared/ivanmiert/overview/frames_folder/event_2090216330/frame_0075.jpg
80020
124462
Saved /scratch-shared/ivanmiert/overview/frames_folder/event_1949437006/frame_0088.jpg
66069
Saved /scratch-shared/ivanmiert/overview/frames_folder/event_1860160625/frame_0082.jpg
85091
Saved /scratch-shared/ivanmiert/overview/frames_folder/event_2090216330/frame_0076.jpg
124463
Saved /scratch-shared/ivanmiert/overview/frames_folder/event_1949437006/frame_0089.jpg
66070
Saved /scratch-shared/ivanmiert/overview/frames_folder/event_1832834865/frame_0080.jpg
80021
Saved /scratch-shared/ivanmiert/overview/frames_folder/event_1860160625/frame_0083.jpg
85092
Saved /scratch-shared/ivanmiert/overview/frames_folder/event_2090216330/frame_0077.jpg
124464
Saved /scratch-shared/ivanmiert/overview/frames_folder/event_1949437006/frame_0090.jpg
66071
Saved /scratch-shared/ivanmiert/overview/frames_folder/event_1860160625/frame_0084.jpg
85093
Saved /scratch-shared/ivanmiert/overview/frames_folder/event_1949437006/frame_0091.jpg
66072
Saved /scratch-shared/ivanmiert/overview/frames_folder/event_1949437006/frame_0092.jpg
66073
Saved /scratch-shared/ivanmiert/overview/frames_folder/event_1832834865/frame_0081.jpg
80022
Saved /scratch-shared/ivanmiert/overview/frames_folder/event_2090216330/frame_0078.jpg
124465
Saved /scratch-shared/ivanmiert/overview/frames_folder/event_1832834865/frame_0082.jpg
80023
Saved /scratch-shared/ivanmiert/overview/frames_folder/event_1860160625/frame_0085.jpg
85094
Saved /scratch-shared/ivanmiert/overview/frames_folder/event_1949437006/frame_0093.jpg
66074
Saved /scratch-shared/ivanmiert/overview/frames_folder/event_2090216330/frame_0079.jpg
124466
Saved /scratch-shared/ivanmiert/overview/frames_folder/event_1832834865/frame_0083.jpg
80024
Saved /scratch-shared/ivanmiert/overview/frames_folder/event_1860160625/frame_0086.jpg
Saved /scratch-shared/ivanmiert/overview/frames_folder/event_1949437006/frame_0094.jpg
66075
Frame extraction complete for event 1860160625 on GPU 0.
/scratch-shared/ivanmiert/All_matches_27aug/g5476245-hd.mp4
Saved /scratch-shared/ivanmiert/overview/frames_folder/event_1949437006/frame_0095.jpg
66076
Saved /scratch-shared/ivanmiert/overview/frames_folder/event_1949437006/frame_0096.jpg
66077
Saved /scratch-shared/ivanmiert/overview/frames_folder/event_1832834865/frame_0084.jpg
80025
101462
101462
Saved /scratch-shared/ivanmiert/overview/frames_folder/event_1949437006/frame_0097.jpg
66078
Saved /scratch-shared/ivanmiert/overview/frames_folder/event_1729533673/frame_0000.jpg
Saved /scratch-shared/ivanmiert/overview/frames_folder/event_1832834865/frame_0085.jpg
Saved /scratch-shared/ivanmiert/overview/frames_folder/event_2090216330/frame_0080.jpg
101463
80026
124467
Saved /scratch-shared/ivanmiert/overview/frames_folder/event_1949437006/frame_0098.jpg
66079
Saved /scratch-shared/ivanmiert/overview/frames_folder/event_1729533673/frame_0001.jpg
101464
Saved /scratch-shared/ivanmiert/overview/frames_folder/event_1832834865/frame_0086.jpg
Saved /scratch-shared/ivanmiert/overview/frames_folder/event_2090216330/frame_0081.jpg
80027
124468
Saved /scratch-shared/ivanmiert/overview/frames_folder/event_1949437006/frame_0099.jpg
66080
Saved /scratch-shared/ivanmiert/overview/frames_folder/event_1729533673/frame_0002.jpgSaved /scratch-shared/ivanmiert/overview/frames_folder/event_2090216330/frame_0082.jpg

Saved /scratch-shared/ivanmiert/overview/frames_folder/event_1832834865/frame_0087.jpg
101465
124469
80028
Saved /scratch-shared/ivanmiert/overview/frames_folder/event_1949437006/frame_0100.jpg
66081
Saved /scratch-shared/ivanmiert/overview/frames_folder/event_1729533673/frame_0003.jpg
Saved /scratch-shared/ivanmiert/overview/frames_folder/event_1949437006/frame_0101.jpg
Saved /scratch-shared/ivanmiert/overview/frames_folder/event_2090216330/frame_0083.jpg
Saved /scratch-shared/ivanmiert/overview/frames_folder/event_1832834865/frame_0088.jpg
66082
124470
101466
80029
Saved /scratch-shared/ivanmiert/overview/frames_folder/event_1949437006/frame_0102.jpg
66083
Saved /scratch-shared/ivanmiert/overview/frames_folder/event_1729533673/frame_0004.jpg
101467
Saved /scratch-shared/ivanmiert/overview/frames_folder/event_2090216330/frame_0084.jpg
124471
Saved /scratch-shared/ivanmiert/overview/frames_folder/event_1832834865/frame_0089.jpg
80030
Saved /scratch-shared/ivanmiert/overview/frames_folder/event_1729533673/frame_0005.jpg
101468
Saved /scratch-shared/ivanmiert/overview/frames_folder/event_2090216330/frame_0085.jpg
124472
Saved /scratch-shared/ivanmiert/overview/frames_folder/event_1949437006/frame_0103.jpg
66084
Saved /scratch-shared/ivanmiert/overview/frames_folder/event_1729533673/frame_0006.jpg
101469
Saved /scratch-shared/ivanmiert/overview/frames_folder/event_2090216330/frame_0086.jpg
124473
Saved /scratch-shared/ivanmiert/overview/frames_folder/event_1949437006/frame_0104.jpg
66085
Saved /scratch-shared/ivanmiert/overview/frames_folder/event_1832834865/frame_0090.jpg
80031
Saved /scratch-shared/ivanmiert/overview/frames_folder/event_1729533673/frame_0007.jpg
101470
Saved /scratch-shared/ivanmiert/overview/frames_folder/event_1832834865/frame_0091.jpg
Saved /scratch-shared/ivanmiert/overview/frames_folder/event_2090216330/frame_0087.jpg
80032
124474
Saved /scratch-shared/ivanmiert/overview/frames_folder/event_1949437006/frame_0105.jpg
66086
Saved /scratch-shared/ivanmiert/overview/frames_folder/event_1729533673/frame_0008.jpg
Saved /scratch-shared/ivanmiert/overview/frames_folder/event_1949437006/frame_0106.jpg
Saved /scratch-shared/ivanmiert/overview/frames_folder/event_1832834865/frame_0092.jpg
101471
Saved /scratch-shared/ivanmiert/overview/frames_folder/event_2090216330/frame_0088.jpg
66087
80033
124475
Saved /scratch-shared/ivanmiert/overview/frames_folder/event_1949437006/frame_0107.jpg
66088
Saved /scratch-shared/ivanmiert/overview/frames_folder/event_1729533673/frame_0009.jpg
101472
Saved /scratch-shared/ivanmiert/overview/frames_folder/event_2090216330/frame_0089.jpg
124476
Saved /scratch-shared/ivanmiert/overview/frames_folder/event_1949437006/frame_0108.jpg
66089
Saved /scratch-shared/ivanmiert/overview/frames_folder/event_1729533673/frame_0010.jpg
Saved /scratch-shared/ivanmiert/overview/frames_folder/event_1832834865/frame_0093.jpg
101473
80034
Saved /scratch-shared/ivanmiert/overview/frames_folder/event_1949437006/frame_0109.jpg
66090
Saved /scratch-shared/ivanmiert/overview/frames_folder/event_2090216330/frame_0090.jpg
124477
Saved /scratch-shared/ivanmiert/overview/frames_folder/event_1949437006/frame_0110.jpg
66091
Saved /scratch-shared/ivanmiert/overview/frames_folder/event_1832834865/frame_0094.jpg
80035
Saved /scratch-shared/ivanmiert/overview/frames_folder/event_1729533673/frame_0011.jpg
101474
Saved /scratch-shared/ivanmiert/overview/frames_folder/event_2090216330/frame_0091.jpg
124478
Saved /scratch-shared/ivanmiert/overview/frames_folder/event_1832834865/frame_0095.jpg
80036
Saved /scratch-shared/ivanmiert/overview/frames_folder/event_1949437006/frame_0111.jpg
66092
Saved /scratch-shared/ivanmiert/overview/frames_folder/event_1729533673/frame_0012.jpg
101475
Saved /scratch-shared/ivanmiert/overview/frames_folder/event_1832834865/frame_0096.jpg
80037
Saved /scratch-shared/ivanmiert/overview/frames_folder/event_1949437006/frame_0112.jpg
66093
Saved /scratch-shared/ivanmiert/overview/frames_folder/event_1729533673/frame_0013.jpg
Saved /scratch-shared/ivanmiert/overview/frames_folder/event_2090216330/frame_0092.jpg
Saved /scratch-shared/ivanmiert/overview/frames_folder/event_1832834865/frame_0097.jpg
101476
124479
80038
Saved /scratch-shared/ivanmiert/overview/frames_folder/event_1949437006/frame_0113.jpg
66094
Saved /scratch-shared/ivanmiert/overview/frames_folder/event_2090216330/frame_0093.jpg
124480
Saved /scratch-shared/ivanmiert/overview/frames_folder/event_1832834865/frame_0098.jpg
80039
Saved /scratch-shared/ivanmiert/overview/frames_folder/event_1949437006/frame_0114.jpg
66095
Saved /scratch-shared/ivanmiert/overview/frames_folder/event_1729533673/frame_0014.jpg
101477
Saved /scratch-shared/ivanmiert/overview/frames_folder/event_1832834865/frame_0099.jpg
80040
Saved /scratch-shared/ivanmiert/overview/frames_folder/event_1949437006/frame_0115.jpg
66096
Saved /scratch-shared/ivanmiert/overview/frames_folder/event_2090216330/frame_0094.jpg
124481
Saved /scratch-shared/ivanmiert/overview/frames_folder/event_1729533673/frame_0015.jpg
101478
Saved /scratch-shared/ivanmiert/overview/frames_folder/event_1832834865/frame_0100.jpg
Saved /scratch-shared/ivanmiert/overview/frames_folder/event_1949437006/frame_0116.jpg
80041
66097
Saved /scratch-shared/ivanmiert/overview/frames_folder/event_2090216330/frame_0095.jpg
124482
Saved /scratch-shared/ivanmiert/overview/frames_folder/event_1729533673/frame_0016.jpg
Saved /scratch-shared/ivanmiert/overview/frames_folder/event_1832834865/frame_0101.jpg
101479
80042
Saved /scratch-shared/ivanmiert/overview/frames_folder/event_2090216330/frame_0096.jpg
124483
Saved /scratch-shared/ivanmiert/overview/frames_folder/event_1949437006/frame_0117.jpg
66098
Saved /scratch-shared/ivanmiert/overview/frames_folder/event_1832834865/frame_0102.jpgSaved /scratch-shared/ivanmiert/overview/frames_folder/event_1729533673/frame_0017.jpg

101480
80043
Saved /scratch-shared/ivanmiert/overview/frames_folder/event_2090216330/frame_0097.jpg
124484
Saved /scratch-shared/ivanmiert/overview/frames_folder/event_1949437006/frame_0118.jpg
66099
Saved /scratch-shared/ivanmiert/overview/frames_folder/event_1729533673/frame_0018.jpg
101481
Saved /scratch-shared/ivanmiert/overview/frames_folder/event_1832834865/frame_0103.jpg
80044
Saved /scratch-shared/ivanmiert/overview/frames_folder/event_1949437006/frame_0119.jpg
66100
Saved /scratch-shared/ivanmiert/overview/frames_folder/event_1729533673/frame_0019.jpg
101482
Saved /scratch-shared/ivanmiert/overview/frames_folder/event_1832834865/frame_0104.jpg
Saved /scratch-shared/ivanmiert/overview/frames_folder/event_1949437006/frame_0120.jpg
Saved /scratch-shared/ivanmiert/overview/frames_folder/event_2090216330/frame_0098.jpg
80045
66101
124485
slurmstepd: error: *** STEP 7783377.0 ON gcn64 CANCELLED AT 2024-09-10T16:14:35 DUE TO TIME LIMIT ***
slurmstepd: error: *** JOB 7783377 ON gcn64 CANCELLED AT 2024-09-10T16:14:35 DUE TO TIME LIMIT ***
srun: Job step aborted: Waiting up to 32 seconds for job step to finish.

JOB STATISTICS
==============
Job ID: 7783377
Cluster: snellius
User/Group: ivanmiert/ivanmiert
State: TIMEOUT (exit code 0)
Nodes: 1
Cores per node: 72
CPU Utilized: 00:00:03
CPU Efficiency: 0.07% of 01:14:24 core-walltime
Job Wall-clock time: 00:01:02
Memory Utilized: 485.61 MB
Memory Efficiency: 0.10% of 480.00 GB
